<?xml version="1.0" encoding="UTF-8"?>
<!-- Generated by org.testng.reporters.JUnitReportReporter -->
<testsuite hostname="LAPTOP-K2I4H0B1" failures="0" tests="2" name="TestRunner.Run" time="47.046" errors="0" timestamp="2024-04-15T14:58:13 IST" skipped="0">
  <testcase classname="TestRunner.Run" name="runScenario" time="21.704"/>
  <system-out/>
  <testcase classname="TestRunner.Run" name="runScenario" time="25.342"/>
  <system-out/>
</testsuite> <!-- TestRunner.Run -->
