<?xml version="1.0" encoding="UTF-8"?>
<!-- Generated by org.testng.reporters.JUnitReportReporter -->
<testsuite hostname="LAPTOP-K2I4H0B1" failures="0" tests="2" name="TestRunner.Run" time="67.565" errors="0" timestamp="2024-04-15T16:23:04 IST" skipped="0">
  <testcase classname="TestRunner.Run" name="runScenario" time="20.976"/>
  <system-out/>
  <testcase classname="TestRunner.Run" name="runScenario" time="46.589"/>
  <system-out/>
</testsuite> <!-- TestRunner.Run -->
